<?xml version="1.0" encoding="UTF-8"?>
<robot generator="Robot 6.1.1 (Python 3.11.5 on win32)" generated="20230928 21:25:12.585" rpa="false" schemaversion="4">
<suite id="s1" name="Test04" source="c:\Users\DELL\Desktop\ETUDE\Session 3\TECHNIQUES D'AUTOMATISATION DE TESTS I\Seance_3\Testcases\test04.robot">
<test id="s1-t1" name="Tc001 login test" line="7">
<kw name="Se connecter à l'application orange demo">
<arg>${url}</arg>
<arg>${Browser}</arg>
<kw name="Open Browser" library="SeleniumLibrary">
<arg>${myUrl}</arg>
<arg>${myBrowser}</arg>
<doc>Opens a new browser instance to the optional ``url``.</doc>
<msg timestamp="20230928 21:25:13.253" level="INFO">Opening browser 'Edge' to base url 'https://opensource-demo.orangehrmlive.com/web/index.php/dashboard/index'.</msg>
<msg timestamp="20230928 21:25:14.794" level="WARN">The msedgedriver version (116.0.1938.76) detected in PATH at C:\Users\DELL\AppData\Local\Programs\Python\Python311\Scripts\msedgedriver.exe might not be compatible with the detected edge version (117.0.2045.43); currently, msedgedriver 117.0.2045.43 is recommended for edge 117.*, so it is advised to delete the driver in PATH and retry</msg>
<status status="PASS" starttime="20230928 21:25:13.252" endtime="20230928 21:25:20.792"/>
</kw>
<kw name="Maximize Browser Window" library="SeleniumLibrary">
<doc>Maximizes current browser window.</doc>
<status status="PASS" starttime="20230928 21:25:20.797" endtime="20230928 21:25:20.970"/>
</kw>
<kw name="Sleep" library="BuiltIn">
<arg>3</arg>
<doc>Pauses the test executed for the given time.</doc>
<msg timestamp="20230928 21:25:23.972" level="INFO">Slept 3 seconds</msg>
<status status="PASS" starttime="20230928 21:25:20.970" endtime="20230928 21:25:23.974"/>
</kw>
<status status="PASS" starttime="20230928 21:25:13.251" endtime="20230928 21:25:23.975"/>
</kw>
<kw name="Saisir le nom d'utilisateur">
<kw name="Clear Element Text" library="SeleniumLibrary">
<arg>name:username</arg>
<doc>Clears the value of the text-input-element identified by ``locator``.</doc>
<status status="PASS" starttime="20230928 21:25:23.988" endtime="20230928 21:25:24.190"/>
</kw>
<kw name="Input Text" library="SeleniumLibrary">
<arg>name:username</arg>
<arg>Admin</arg>
<doc>Types the given ``text`` into the text field identified by ``locator``.</doc>
<msg timestamp="20230928 21:25:24.191" level="INFO">Typing text 'Admin' into text field 'name:username'.</msg>
<status status="PASS" starttime="20230928 21:25:24.190" endtime="20230928 21:25:24.400"/>
</kw>
<status status="PASS" starttime="20230928 21:25:23.981" endtime="20230928 21:25:24.401"/>
</kw>
<kw name="Saisir le mot de passe">
<kw name="Clear Element Text" library="SeleniumLibrary">
<arg>name:password</arg>
<doc>Clears the value of the text-input-element identified by ``locator``.</doc>
<status status="PASS" starttime="20230928 21:25:24.404" endtime="20230928 21:25:24.501"/>
</kw>
<kw name="Input Password" library="SeleniumLibrary">
<arg>name:password</arg>
<arg>admin123</arg>
<doc>Types the given password into the text field identified by ``locator``.</doc>
<msg timestamp="20230928 21:25:24.503" level="INFO">Typing password into text field 'name:password'.</msg>
<msg timestamp="20230928 21:25:24.588" level="INFO">Temporally setting log level to: NONE</msg>
<msg timestamp="20230928 21:25:24.756" level="INFO">Log level changed from NONE to INFO.</msg>
<status status="PASS" starttime="20230928 21:25:24.502" endtime="20230928 21:25:24.757"/>
</kw>
<status status="PASS" starttime="20230928 21:25:24.403" endtime="20230928 21:25:24.757"/>
</kw>
<kw name="cliquer sur le boutton loging">
<kw name="Click Button" library="SeleniumLibrary">
<arg>xpath://button</arg>
<doc>Clicks the button identified by ``locator``.</doc>
<msg timestamp="20230928 21:25:24.765" level="INFO">Clicking button 'xpath://button'.</msg>
<status status="PASS" starttime="20230928 21:25:24.762" endtime="20230928 21:25:26.284"/>
</kw>
<kw name="Sleep" library="BuiltIn">
<arg>3</arg>
<doc>Pauses the test executed for the given time.</doc>
<msg timestamp="20230928 21:25:29.286" level="INFO">Slept 3 seconds</msg>
<status status="PASS" starttime="20230928 21:25:26.285" endtime="20230928 21:25:29.286"/>
</kw>
<status status="PASS" starttime="20230928 21:25:24.760" endtime="20230928 21:25:29.287"/>
</kw>
<kw name="Valider l'affichage de la page d'acceuil">
<kw name="Element Text Should Be" library="SeleniumLibrary">
<arg>xpath://h6</arg>
<arg>Dashboard</arg>
<doc>Verifies that element ``locator`` contains exact the text ``expected``.</doc>
<msg timestamp="20230928 21:25:29.294" level="INFO">Verifying element 'xpath://h6' contains exact text 'Dashboard'.</msg>
<status status="PASS" starttime="20230928 21:25:29.291" endtime="20230928 21:25:29.389"/>
</kw>
<status status="PASS" starttime="20230928 21:25:29.289" endtime="20230928 21:25:29.389"/>
</kw>
<kw name="Fermer l'application">
<kw name="Close Browser" library="SeleniumLibrary">
<doc>Closes the current browser.</doc>
<status status="PASS" starttime="20230928 21:25:29.404" endtime="20230928 21:25:32.103"/>
</kw>
<status status="PASS" starttime="20230928 21:25:29.403" endtime="20230928 21:25:32.105"/>
</kw>
<status status="PASS" starttime="20230928 21:25:13.249" endtime="20230928 21:25:32.107"/>
</test>
<status status="PASS" starttime="20230928 21:25:12.595" endtime="20230928 21:25:32.120"/>
</suite>
<statistics>
<total>
<stat pass="1" fail="0" skip="0">All Tests</stat>
</total>
<tag>
</tag>
<suite>
<stat pass="1" fail="0" skip="0" id="s1" name="Test04">Test04</stat>
</suite>
</statistics>
<errors>
<msg timestamp="20230928 21:25:14.794" level="WARN">The msedgedriver version (116.0.1938.76) detected in PATH at C:\Users\DELL\AppData\Local\Programs\Python\Python311\Scripts\msedgedriver.exe might not be compatible with the detected edge version (117.0.2045.43); currently, msedgedriver 117.0.2045.43 is recommended for edge 117.*, so it is advised to delete the driver in PATH and retry</msg>
</errors>
</robot>
