<?xml version="1.0" encoding="UTF-8"?>
<robot generator="Robot 6.1.1 (Python 3.11.5 on win32)" generated="20230921 21:34:55.655" rpa="false" schemaversion="4">
<suite id="s1" name="Test01" source="c:\Users\DELL\Desktop\ETUDE\Session 3\TECHNIQUES D'AUTOMATISATION DE TESTS I\Seance_3\Testcases\Test01.robot">
<test id="s1-t1" name="Tc001 login test" line="7">
<kw name="Se connecter a l'application orange demo" library="resources01">
<kw name="Open Browser" library="SeleniumLibrary">
<arg>${url}</arg>
<arg>${Browser}</arg>
<doc>Opens a new browser instance to the optional ``url``.</doc>
<msg timestamp="20230921 21:34:56.134" level="INFO">Opening browser 'Edge' to base url 'https://opensource-demo.orangehrmlive.com/web/index.php/dashboard/index'.</msg>
<msg timestamp="20230921 21:34:57.296" level="WARN">The msedgedriver version (116.0.1938.76) detected in PATH at C:\Users\DELL\AppData\Local\Programs\Python\Python311\Scripts\msedgedriver.exe might not be compatible with the detected edge version (117.0.2045.36); currently, msedgedriver 117.0.2045.36 is recommended for edge 117.*, so it is advised to delete the driver in PATH and retry</msg>
<status status="PASS" starttime="20230921 21:34:56.133" endtime="20230921 21:35:03.328"/>
</kw>
<kw name="Maximize Browser Window" library="SeleniumLibrary">
<doc>Maximizes current browser window.</doc>
<status status="PASS" starttime="20230921 21:35:03.332" endtime="20230921 21:35:03.491"/>
</kw>
<kw name="Sleep" library="BuiltIn">
<arg>3</arg>
<doc>Pauses the test executed for the given time.</doc>
<msg timestamp="20230921 21:35:06.492" level="INFO">Slept 3 seconds</msg>
<status status="PASS" starttime="20230921 21:35:03.491" endtime="20230921 21:35:06.493"/>
</kw>
<status status="PASS" starttime="20230921 21:34:56.133" endtime="20230921 21:35:06.494"/>
</kw>
<kw name="Saisir le nom d'utilisateur" library="resources01">
<kw name="Clear Element Text" library="SeleniumLibrary">
<arg>name:username</arg>
<doc>Clears the value of the text-input-element identified by ``locator``.</doc>
<status status="PASS" starttime="20230921 21:35:06.496" endtime="20230921 21:35:06.708"/>
</kw>
<kw name="Input Text" library="SeleniumLibrary">
<arg>name:username</arg>
<arg>Admin</arg>
<doc>Types the given ``text`` into the text field identified by ``locator``.</doc>
<msg timestamp="20230921 21:35:06.709" level="INFO">Typing text 'Admin' into text field 'name:username'.</msg>
<status status="PASS" starttime="20230921 21:35:06.708" endtime="20230921 21:35:07.074"/>
</kw>
<status status="PASS" starttime="20230921 21:35:06.495" endtime="20230921 21:35:07.075"/>
</kw>
<kw name="Saisir le mot de passe" library="resources01">
<kw name="Clear Element Text" library="SeleniumLibrary">
<arg>name:password</arg>
<doc>Clears the value of the text-input-element identified by ``locator``.</doc>
<status status="PASS" starttime="20230921 21:35:07.080" endtime="20230921 21:35:07.176"/>
</kw>
<kw name="Input Password" library="SeleniumLibrary">
<arg>name:password</arg>
<arg>admin123</arg>
<doc>Types the given password into the text field identified by ``locator``.</doc>
<msg timestamp="20230921 21:35:07.177" level="INFO">Typing password into text field 'name:password'.</msg>
<msg timestamp="20230921 21:35:07.354" level="INFO">Temporally setting log level to: NONE</msg>
<msg timestamp="20230921 21:35:07.630" level="INFO">Log level changed from NONE to INFO.</msg>
<status status="PASS" starttime="20230921 21:35:07.176" endtime="20230921 21:35:07.631"/>
</kw>
<status status="PASS" starttime="20230921 21:35:07.079" endtime="20230921 21:35:07.631"/>
</kw>
<kw name="cliquer sur le boutton loging" library="resources01">
<kw name="Click Button" library="SeleniumLibrary">
<arg>xpath://button</arg>
<doc>Clicks the button identified by ``locator``.</doc>
<msg timestamp="20230921 21:35:07.664" level="INFO">Clicking button 'xpath://button'.</msg>
<status status="PASS" starttime="20230921 21:35:07.662" endtime="20230921 21:35:08.861"/>
</kw>
<kw name="Sleep" library="BuiltIn">
<arg>3</arg>
<doc>Pauses the test executed for the given time.</doc>
<msg timestamp="20230921 21:35:11.862" level="INFO">Slept 3 seconds</msg>
<status status="PASS" starttime="20230921 21:35:08.862" endtime="20230921 21:35:11.862"/>
</kw>
<status status="PASS" starttime="20230921 21:35:07.661" endtime="20230921 21:35:11.862"/>
</kw>
<kw name="Valider l'affichage de la page d'acceuil" library="resources01">
<kw name="Element Text Should Be" library="SeleniumLibrary">
<arg>xpath://h6</arg>
<arg>Dashboard</arg>
<doc>Verifies that element ``locator`` contains exact the text ``expected``.</doc>
<msg timestamp="20230921 21:35:11.865" level="INFO">Verifying element 'xpath://h6' contains exact text 'Dashboard'.</msg>
<status status="PASS" starttime="20230921 21:35:11.864" endtime="20230921 21:35:11.914"/>
</kw>
<status status="PASS" starttime="20230921 21:35:11.863" endtime="20230921 21:35:11.914"/>
</kw>
<status status="PASS" starttime="20230921 21:34:56.129" endtime="20230921 21:35:11.915"/>
</test>
<status status="PASS" starttime="20230921 21:34:55.666" endtime="20230921 21:35:11.918"/>
</suite>
<statistics>
<total>
<stat pass="1" fail="0" skip="0">All Tests</stat>
</total>
<tag>
</tag>
<suite>
<stat pass="1" fail="0" skip="0" id="s1" name="Test01">Test01</stat>
</suite>
</statistics>
<errors>
<msg timestamp="20230921 21:34:57.296" level="WARN">The msedgedriver version (116.0.1938.76) detected in PATH at C:\Users\DELL\AppData\Local\Programs\Python\Python311\Scripts\msedgedriver.exe might not be compatible with the detected edge version (117.0.2045.36); currently, msedgedriver 117.0.2045.36 is recommended for edge 117.*, so it is advised to delete the driver in PATH and retry</msg>
</errors>
</robot>
